[2024-09-03 19:44:26,399] INFO in __init__: Logging is configured.
[2024-09-03 19:44:26,823] DEBUG in connectionpool: Starting new HTTPS connection (1): trends.google.com:443
[2024-09-03 19:44:27,052] DEBUG in connectionpool: https://trends.google.com:443 "GET /trends/explore/?geo=US HTTP/11" 404 None
[2024-09-03 19:44:27,167] INFO in _internal: [31m[1mWARNING: This is a development server. Do not use it in a production deployment. Use a production WSGI server instead.[0m
 * Running on all addresses (0.0.0.0)
 * Running on http://127.0.0.1:5000
 * Running on http://172.18.0.3:5000
[2024-09-03 19:44:27,168] INFO in _internal: [33mPress CTRL+C to quit[0m
[2024-09-03 19:44:54,025] INFO in stocks: Fetching all stocks from the database
[2024-09-03 19:44:54,027] DEBUG in logger: {"clientId": {"$oid": "66d7671a634cc32a8227bc17"}, "message": "Connection pool created", "serverHost": "mongo", "serverPort": 27017}
[2024-09-03 19:44:54,032] DEBUG in logger: {"message": "Server selection started", "selector": "Primary()", "operation": "find", "topologyDescription": "<TopologyDescription id: 66d7671a634cc32a8227bc17, topology_type: Unknown, servers: [<ServerDescription ('mongo', 27017) server_type: Unknown, rtt: None>]>", "clientId": {"$oid": "66d7671a634cc32a8227bc17"}}
[2024-09-03 19:44:54,034] DEBUG in logger: {"message": "Waiting for suitable server to become available", "selector": "Primary()", "operation": "find", "topologyDescription": "<TopologyDescription id: 66d7671a634cc32a8227bc17, topology_type: Unknown, servers: [<ServerDescription ('mongo', 27017) server_type: Unknown, rtt: None>]>", "clientId": {"$oid": "66d7671a634cc32a8227bc17"}, "remainingTimeMS": 29}
[2024-09-03 19:44:54,036] DEBUG in logger: {"clientId": {"$oid": "66d7671a634cc32a8227bc17"}, "message": "Connection pool ready", "serverHost": "mongo", "serverPort": 27017}
[2024-09-03 19:44:54,038] DEBUG in logger: {"message": "Server selection succeeded", "selector": "Primary()", "operation": "find", "topologyDescription": "<TopologyDescription id: 66d7671a634cc32a8227bc17, topology_type: Single, servers: [<ServerDescription ('mongo', 27017) server_type: Standalone, rtt: 0.002002203999950325>]>", "clientId": {"$oid": "66d7671a634cc32a8227bc17"}, "serverHost": "mongo", "serverPort": 27017}
[2024-09-03 19:44:54,040] DEBUG in logger: {"clientId": {"$oid": "66d7671a634cc32a8227bc17"}, "message": "Connection checkout started", "serverHost": "mongo", "serverPort": 27017}
[2024-09-03 19:44:54,041] DEBUG in logger: {"clientId": {"$oid": "66d7671a634cc32a8227bc17"}, "message": "Connection created", "serverHost": "mongo", "serverPort": 27017, "driverConnectionId": 1}
[2024-09-03 19:44:54,045] DEBUG in logger: {"clientId": {"$oid": "66d7671a634cc32a8227bc17"}, "message": "Connection ready", "serverHost": "mongo", "serverPort": 27017, "driverConnectionId": 1, "durationMS": 0.0012997679999671163}
[2024-09-03 19:44:54,046] DEBUG in logger: {"clientId": {"$oid": "66d7671a634cc32a8227bc17"}, "message": "Connection checked out", "serverHost": "mongo", "serverPort": 27017, "driverConnectionId": 1, "durationMS": 0.006119419000015114}
[2024-09-03 19:44:54,048] DEBUG in logger: {"clientId": {"$oid": "66d7671a634cc32a8227bc17"}, "message": "Command started", "command": "{\"find\": \"stocks\", \"lsid\": {\"id\": {\"$binary\": {\"base64\": \"NM9H20KiSBWxZsE7UYYMVA==\", \"subType\": \"04\"}}}, \"$db\": \"gourdstocks\"}", "commandName": "find", "databaseName": "gourdstocks", "requestId": 1957747793, "operationId": 1957747793, "driverConnectionId": 1, "serverConnectionId": 7, "serverHost": "mongo", "serverPort": 27017}
[2024-09-03 19:44:54,051] DEBUG in logger: {"clientId": {"$oid": "66d7671a634cc32a8227bc17"}, "message": "Command succeeded", "durationMS": 4.216, "reply": "{\"cursor\": {\"firstBatch\": [{\"_id\": {\"$oid\": \"66d765d181642a6ac5e6c071\"}, \"name\": \"Jingle Jam Tunes\", \"symbol\": \"CJJT\", \"sector\": \"Christmas Music\", \"price\": 100, \"volume\": 100000, \"high\": 110, \"low\": 90, \"last_update\": \"2024-05-28 09:00:00\"}, {\"_id\": {\"$oid\": \"66d765d181642a6ac5e6c072\"}, \"name\": \"Pumpkin Patch Pictures\", \"symbol\": \"CPPP\", \"sector\": \"Halloween Movies\", \"price\": 100, \"volume\": 100000, \"high\": 110, \"low\": 90, \"last_update\": \"2024-05-28 09:00:00\"}, {\"_id\": {\"$oid\": \"66d765d181642a6ac5e6c073\"}, \"name\": \"Polaris Pictures\", \"symbol\": \"CPPI\", \"sector\": \"Christmas Movies\", \"price\": 100, \"volume\": 100000, \"high\": 110, \"low\": 90, \"last_update\": \"2024-05-28 09:00:00\"}, {\"_id\": {\"$oid\": \"66d765d181642a6ac5e6c074\"}, \"name\": \"All Star Pigskin Classic\", \"symbol\": \"ASPC\", \"sector\": \"American Football\", \"price\": 100, \"volume\": 100000, \"high\": 110, \"low\": 90, \"last_update\": \"2024-05-28 09:00:00\"}, {\"_id\": {\"$oid\": \"66d765d181642a6ac5e6c075\"}, \"name\": \"Freddy Fear's Hay Rides\", \"symbol\": ...", "commandName": "find", "databaseName": "gourdstocks", "requestId": 1957747793, "operationId": 1957747793, "driverConnectionId": 1, "serverConnectionId": 7, "serverHost": "mongo", "serverPort": 27017}
[2024-09-03 19:44:54,058] DEBUG in logger: {"clientId": {"$oid": "66d7671a634cc32a8227bc17"}, "message": "Connection checked in", "serverHost": "mongo", "serverPort": 27017, "driverConnectionId": 1}
[2024-09-03 19:44:54,059] INFO in stocks: Successfully fetched 50 stocks from the database
[2024-09-03 19:44:54,062] INFO in _internal: 172.18.0.1 - - [03/Sep/2024 19:44:54] "GET /stocks/ HTTP/1.1" 200 -
[2024-09-03 20:06:37,325] INFO in auth: Attempting to register new user with username: jack
[2024-09-03 20:06:37,430] INFO in user_service: Registering new user: jack
[2024-09-03 20:06:37,432] DEBUG in logger: {"message": "Server selection started", "selector": "<function writable_server_selector at 0x7f36c33cd670>", "operation": "insert", "topologyDescription": "<TopologyDescription id: 66d7671a634cc32a8227bc17, topology_type: Single, servers: [<ServerDescription ('mongo', 27017) server_type: Standalone, rtt: 0.0006022145573540828>]>", "clientId": {"$oid": "66d7671a634cc32a8227bc17"}}
[2024-09-03 20:06:37,433] DEBUG in logger: {"message": "Server selection succeeded", "selector": "<function writable_server_selector at 0x7f36c33cd670>", "operation": "insert", "topologyDescription": "<TopologyDescription id: 66d7671a634cc32a8227bc17, topology_type: Single, servers: [<ServerDescription ('mongo', 27017) server_type: Standalone, rtt: 0.0006022145573540828>]>", "clientId": {"$oid": "66d7671a634cc32a8227bc17"}, "serverHost": "mongo", "serverPort": 27017}
[2024-09-03 20:06:37,434] DEBUG in logger: {"clientId": {"$oid": "66d7671a634cc32a8227bc17"}, "message": "Connection checkout started", "serverHost": "mongo", "serverPort": 27017}
[2024-09-03 20:06:37,435] DEBUG in logger: {"clientId": {"$oid": "66d7671a634cc32a8227bc17"}, "message": "Connection checked out", "serverHost": "mongo", "serverPort": 27017, "driverConnectionId": 1, "durationMS": 0.0008338449999882869}
[2024-09-03 20:06:37,436] DEBUG in logger: {"clientId": {"$oid": "66d7671a634cc32a8227bc17"}, "message": "Command started", "command": "{\"insert\": \"users\", \"ordered\": true, \"lsid\": {\"id\": {\"$binary\": {\"base64\": \"NM9H20KiSBWxZsE7UYYMVA==\", \"subType\": \"04\"}}}, \"$db\": \"gourdstocks\", \"documents\": [{\"username\": \"jack\", \"password\": \"scrypt:32768:8:1$t71DTidBmvr2dv3P$6c5475ae69d1c53e130d08e0009d2ef5b6ef6c2b32519db78c89355579612aad8a4a7e0fbff3debd5675490a4d5b58ed0ae897dc08002d2b729314ed9e1e1988\", \"balance\": 10000, \"_id\": {\"$oid\": \"66d76c4d634cc32a8227bc18\"}}]}", "commandName": "insert", "databaseName": "gourdstocks", "requestId": 1572276965, "operationId": 1572276965, "driverConnectionId": 1, "serverConnectionId": 7, "serverHost": "mongo", "serverPort": 27017}
[2024-09-03 20:06:37,442] DEBUG in logger: {"clientId": {"$oid": "66d7671a634cc32a8227bc17"}, "message": "Command succeeded", "durationMS": 6.585, "reply": "{\"n\": 1, \"ok\": 1.0}", "commandName": "insert", "databaseName": "gourdstocks", "requestId": 1572276965, "operationId": 1572276965, "driverConnectionId": 1, "serverConnectionId": 7, "serverHost": "mongo", "serverPort": 27017}
[2024-09-03 20:06:37,443] DEBUG in logger: {"clientId": {"$oid": "66d7671a634cc32a8227bc17"}, "message": "Connection checked in", "serverHost": "mongo", "serverPort": 27017, "driverConnectionId": 1}
[2024-09-03 20:06:37,444] INFO in user_service: User jack registered successfully
[2024-09-03 20:06:37,445] INFO in auth: User jack registered successfully.
[2024-09-03 20:06:37,447] INFO in _internal: 172.18.0.1 - - [03/Sep/2024 20:06:37] "POST /auth/register HTTP/1.1" 200 -
[2024-09-03 20:06:44,579] INFO in auth: Verifying credentials for username: jack
[2024-09-03 20:06:44,580] INFO in user_service: Verifying credentials for username: jack
[2024-09-03 20:06:44,581] DEBUG in logger: {"message": "Server selection started", "selector": "Primary()", "operation": "find", "topologyDescription": "<TopologyDescription id: 66d7671a634cc32a8227bc17, topology_type: Single, servers: [<ServerDescription ('mongo', 27017) server_type: Standalone, rtt: 0.0006022145573540828>]>", "clientId": {"$oid": "66d7671a634cc32a8227bc17"}}
[2024-09-03 20:06:44,583] DEBUG in logger: {"message": "Server selection succeeded", "selector": "Primary()", "operation": "find", "topologyDescription": "<TopologyDescription id: 66d7671a634cc32a8227bc17, topology_type: Single, servers: [<ServerDescription ('mongo', 27017) server_type: Standalone, rtt: 0.0006022145573540828>]>", "clientId": {"$oid": "66d7671a634cc32a8227bc17"}, "serverHost": "mongo", "serverPort": 27017}
[2024-09-03 20:06:44,584] DEBUG in logger: {"clientId": {"$oid": "66d7671a634cc32a8227bc17"}, "message": "Connection checkout started", "serverHost": "mongo", "serverPort": 27017}
[2024-09-03 20:06:44,585] DEBUG in logger: {"clientId": {"$oid": "66d7671a634cc32a8227bc17"}, "message": "Connection checked out", "serverHost": "mongo", "serverPort": 27017, "driverConnectionId": 1, "durationMS": 0.001074257000027501}
[2024-09-03 20:06:44,586] DEBUG in logger: {"clientId": {"$oid": "66d7671a634cc32a8227bc17"}, "message": "Command started", "command": "{\"find\": \"users\", \"filter\": {\"username\": \"jack\"}, \"limit\": 1, \"singleBatch\": true, \"lsid\": {\"id\": {\"$binary\": {\"base64\": \"NM9H20KiSBWxZsE7UYYMVA==\", \"subType\": \"04\"}}}, \"$db\": \"gourdstocks\"}", "commandName": "find", "databaseName": "gourdstocks", "requestId": 269455306, "operationId": 269455306, "driverConnectionId": 1, "serverConnectionId": 7, "serverHost": "mongo", "serverPort": 27017}
[2024-09-03 20:06:44,588] DEBUG in logger: {"clientId": {"$oid": "66d7671a634cc32a8227bc17"}, "message": "Command succeeded", "durationMS": 2.0799999999999996, "reply": "{\"cursor\": {\"firstBatch\": [{\"_id\": {\"$oid\": \"66d76c4d634cc32a8227bc18\"}, \"username\": \"jack\", \"password\": \"scrypt:32768:8:1$t71DTidBmvr2dv3P$6c5475ae69d1c53e130d08e0009d2ef5b6ef6c2b32519db78c89355579612aad8a4a7e0fbff3debd5675490a4d5b58ed0ae897dc08002d2b729314ed9e1e1988\", \"balance\": 10000}], \"ns\": \"gourdstocks.users\"}, \"ok\": 1.0}", "commandName": "find", "databaseName": "gourdstocks", "requestId": 269455306, "operationId": 269455306, "driverConnectionId": 1, "serverConnectionId": 7, "serverHost": "mongo", "serverPort": 27017}
[2024-09-03 20:06:44,589] DEBUG in logger: {"clientId": {"$oid": "66d7671a634cc32a8227bc17"}, "message": "Connection checked in", "serverHost": "mongo", "serverPort": 27017, "driverConnectionId": 1}
[2024-09-03 20:06:44,701] INFO in user_service: Credentials verified for user: jack
[2024-09-03 20:06:44,702] INFO in auth: Credentials verified for user_id: 66d76c4d634cc32a8227bc18. Token generated.
[2024-09-03 20:06:44,703] INFO in _internal: 172.18.0.1 - - [03/Sep/2024 20:06:44] "POST /auth/verify_credentials HTTP/1.1" 200 -
[2024-09-03 20:10:20,565] INFO in auth: Verifying credentials for username: jack
[2024-09-03 20:10:20,566] INFO in user_service: Verifying credentials for username: jack
[2024-09-03 20:10:20,567] DEBUG in logger: {"message": "Server selection started", "selector": "Primary()", "operation": "find", "topologyDescription": "<TopologyDescription id: 66d7671a634cc32a8227bc17, topology_type: Single, servers: [<ServerDescription ('mongo', 27017) server_type: Standalone, rtt: 0.0005608794848190193>]>", "clientId": {"$oid": "66d7671a634cc32a8227bc17"}}
[2024-09-03 20:10:20,569] DEBUG in logger: {"message": "Server selection succeeded", "selector": "Primary()", "operation": "find", "topologyDescription": "<TopologyDescription id: 66d7671a634cc32a8227bc17, topology_type: Single, servers: [<ServerDescription ('mongo', 27017) server_type: Standalone, rtt: 0.0005608794848190193>]>", "clientId": {"$oid": "66d7671a634cc32a8227bc17"}, "serverHost": "mongo", "serverPort": 27017}
[2024-09-03 20:10:20,570] DEBUG in logger: {"clientId": {"$oid": "66d7671a634cc32a8227bc17"}, "message": "Connection checkout started", "serverHost": "mongo", "serverPort": 27017}
[2024-09-03 20:10:20,571] DEBUG in logger: {"clientId": {"$oid": "66d7671a634cc32a8227bc17"}, "message": "Connection checked out", "serverHost": "mongo", "serverPort": 27017, "driverConnectionId": 1, "durationMS": 0.0011807629998656921}
[2024-09-03 20:10:20,572] DEBUG in logger: {"clientId": {"$oid": "66d7671a634cc32a8227bc17"}, "message": "Command started", "command": "{\"find\": \"users\", \"filter\": {\"username\": \"jack\"}, \"limit\": 1, \"singleBatch\": true, \"lsid\": {\"id\": {\"$binary\": {\"base64\": \"NM9H20KiSBWxZsE7UYYMVA==\", \"subType\": \"04\"}}}, \"$db\": \"gourdstocks\"}", "commandName": "find", "databaseName": "gourdstocks", "requestId": 1760243555, "operationId": 1760243555, "driverConnectionId": 1, "serverConnectionId": 7, "serverHost": "mongo", "serverPort": 27017}
[2024-09-03 20:10:20,574] DEBUG in logger: {"clientId": {"$oid": "66d7671a634cc32a8227bc17"}, "message": "Command succeeded", "durationMS": 2.063, "reply": "{\"cursor\": {\"firstBatch\": [{\"_id\": {\"$oid\": \"66d76c4d634cc32a8227bc18\"}, \"username\": \"jack\", \"password\": \"scrypt:32768:8:1$t71DTidBmvr2dv3P$6c5475ae69d1c53e130d08e0009d2ef5b6ef6c2b32519db78c89355579612aad8a4a7e0fbff3debd5675490a4d5b58ed0ae897dc08002d2b729314ed9e1e1988\", \"balance\": 10000}], \"ns\": \"gourdstocks.users\"}, \"ok\": 1.0}", "commandName": "find", "databaseName": "gourdstocks", "requestId": 1760243555, "operationId": 1760243555, "driverConnectionId": 1, "serverConnectionId": 7, "serverHost": "mongo", "serverPort": 27017}
[2024-09-03 20:10:20,576] DEBUG in logger: {"clientId": {"$oid": "66d7671a634cc32a8227bc17"}, "message": "Connection checked in", "serverHost": "mongo", "serverPort": 27017, "driverConnectionId": 1}
[2024-09-03 20:10:20,690] INFO in user_service: Credentials verified for user: jack
[2024-09-03 20:10:20,691] INFO in auth: Credentials verified for user_id: 66d76c4d634cc32a8227bc18. Token generated.
[2024-09-03 20:10:20,693] INFO in _internal: 172.18.0.1 - - [03/Sep/2024 20:10:20] "POST /auth/verify_credentials HTTP/1.1" 200 -
[2024-09-03 20:11:26,045] INFO in auth: Verifying credentials for username: jack
[2024-09-03 20:11:26,046] INFO in user_service: Verifying credentials for username: jack
[2024-09-03 20:11:26,047] DEBUG in logger: {"message": "Server selection started", "selector": "Primary()", "operation": "find", "topologyDescription": "<TopologyDescription id: 66d7671a634cc32a8227bc17, topology_type: Single, servers: [<ServerDescription ('mongo', 27017) server_type: Standalone, rtt: 0.0005760539782820301>]>", "clientId": {"$oid": "66d7671a634cc32a8227bc17"}}
[2024-09-03 20:11:26,048] DEBUG in logger: {"message": "Server selection succeeded", "selector": "Primary()", "operation": "find", "topologyDescription": "<TopologyDescription id: 66d7671a634cc32a8227bc17, topology_type: Single, servers: [<ServerDescription ('mongo', 27017) server_type: Standalone, rtt: 0.0005760539782820301>]>", "clientId": {"$oid": "66d7671a634cc32a8227bc17"}, "serverHost": "mongo", "serverPort": 27017}
[2024-09-03 20:11:26,050] DEBUG in logger: {"clientId": {"$oid": "66d7671a634cc32a8227bc17"}, "message": "Connection checkout started", "serverHost": "mongo", "serverPort": 27017}
[2024-09-03 20:11:26,051] DEBUG in logger: {"clientId": {"$oid": "66d7671a634cc32a8227bc17"}, "message": "Connection checked out", "serverHost": "mongo", "serverPort": 27017, "driverConnectionId": 1, "durationMS": 0.0008514500000273983}
[2024-09-03 20:11:26,052] DEBUG in logger: {"clientId": {"$oid": "66d7671a634cc32a8227bc17"}, "message": "Command started", "command": "{\"find\": \"users\", \"filter\": {\"username\": \"jack\"}, \"limit\": 1, \"singleBatch\": true, \"lsid\": {\"id\": {\"$binary\": {\"base64\": \"NM9H20KiSBWxZsE7UYYMVA==\", \"subType\": \"04\"}}}, \"$db\": \"gourdstocks\"}", "commandName": "find", "databaseName": "gourdstocks", "requestId": 1911165193, "operationId": 1911165193, "driverConnectionId": 1, "serverConnectionId": 7, "serverHost": "mongo", "serverPort": 27017}
[2024-09-03 20:11:26,054] DEBUG in logger: {"clientId": {"$oid": "66d7671a634cc32a8227bc17"}, "message": "Command succeeded", "durationMS": 2.368, "reply": "{\"cursor\": {\"firstBatch\": [{\"_id\": {\"$oid\": \"66d76c4d634cc32a8227bc18\"}, \"username\": \"jack\", \"password\": \"scrypt:32768:8:1$t71DTidBmvr2dv3P$6c5475ae69d1c53e130d08e0009d2ef5b6ef6c2b32519db78c89355579612aad8a4a7e0fbff3debd5675490a4d5b58ed0ae897dc08002d2b729314ed9e1e1988\", \"balance\": 10000}], \"ns\": \"gourdstocks.users\"}, \"ok\": 1.0}", "commandName": "find", "databaseName": "gourdstocks", "requestId": 1911165193, "operationId": 1911165193, "driverConnectionId": 1, "serverConnectionId": 7, "serverHost": "mongo", "serverPort": 27017}
[2024-09-03 20:11:26,055] DEBUG in logger: {"clientId": {"$oid": "66d7671a634cc32a8227bc17"}, "message": "Connection checked in", "serverHost": "mongo", "serverPort": 27017, "driverConnectionId": 1}
[2024-09-03 20:11:26,188] INFO in user_service: Credentials verified for user: jack
[2024-09-03 20:11:26,189] INFO in auth: Credentials verified for user_id: 66d76c4d634cc32a8227bc18. Token generated.
[2024-09-03 20:11:26,190] INFO in _internal: 172.18.0.1 - - [03/Sep/2024 20:11:26] "POST /auth/verify_credentials HTTP/1.1" 200 -
[2024-09-03 20:11:29,172] INFO in auth: Verifying credentials for username: jack
[2024-09-03 20:11:29,173] INFO in user_service: Verifying credentials for username: jack
[2024-09-03 20:11:29,175] DEBUG in logger: {"message": "Server selection started", "selector": "Primary()", "operation": "find", "topologyDescription": "<TopologyDescription id: 66d7671a634cc32a8227bc17, topology_type: Single, servers: [<ServerDescription ('mongo', 27017) server_type: Standalone, rtt: 0.0005760539782820301>]>", "clientId": {"$oid": "66d7671a634cc32a8227bc17"}}
[2024-09-03 20:11:29,176] DEBUG in logger: {"message": "Server selection succeeded", "selector": "Primary()", "operation": "find", "topologyDescription": "<TopologyDescription id: 66d7671a634cc32a8227bc17, topology_type: Single, servers: [<ServerDescription ('mongo', 27017) server_type: Standalone, rtt: 0.0005760539782820301>]>", "clientId": {"$oid": "66d7671a634cc32a8227bc17"}, "serverHost": "mongo", "serverPort": 27017}
[2024-09-03 20:11:29,177] DEBUG in logger: {"clientId": {"$oid": "66d7671a634cc32a8227bc17"}, "message": "Connection checkout started", "serverHost": "mongo", "serverPort": 27017}
[2024-09-03 20:11:29,178] DEBUG in logger: {"clientId": {"$oid": "66d7671a634cc32a8227bc17"}, "message": "Connection checked out", "serverHost": "mongo", "serverPort": 27017, "driverConnectionId": 1, "durationMS": 0.0009692570001789136}
[2024-09-03 20:11:29,179] DEBUG in logger: {"clientId": {"$oid": "66d7671a634cc32a8227bc17"}, "message": "Command started", "command": "{\"find\": \"users\", \"filter\": {\"username\": \"jack\"}, \"limit\": 1, \"singleBatch\": true, \"lsid\": {\"id\": {\"$binary\": {\"base64\": \"NM9H20KiSBWxZsE7UYYMVA==\", \"subType\": \"04\"}}}, \"$db\": \"gourdstocks\"}", "commandName": "find", "databaseName": "gourdstocks", "requestId": 2142757034, "operationId": 2142757034, "driverConnectionId": 1, "serverConnectionId": 7, "serverHost": "mongo", "serverPort": 27017}
[2024-09-03 20:11:29,181] DEBUG in logger: {"clientId": {"$oid": "66d7671a634cc32a8227bc17"}, "message": "Command succeeded", "durationMS": 2.3449999999999998, "reply": "{\"cursor\": {\"firstBatch\": [{\"_id\": {\"$oid\": \"66d76c4d634cc32a8227bc18\"}, \"username\": \"jack\", \"password\": \"scrypt:32768:8:1$t71DTidBmvr2dv3P$6c5475ae69d1c53e130d08e0009d2ef5b6ef6c2b32519db78c89355579612aad8a4a7e0fbff3debd5675490a4d5b58ed0ae897dc08002d2b729314ed9e1e1988\", \"balance\": 10000}], \"ns\": \"gourdstocks.users\"}, \"ok\": 1.0}", "commandName": "find", "databaseName": "gourdstocks", "requestId": 2142757034, "operationId": 2142757034, "driverConnectionId": 1, "serverConnectionId": 7, "serverHost": "mongo", "serverPort": 27017}
[2024-09-03 20:11:29,183] DEBUG in logger: {"clientId": {"$oid": "66d7671a634cc32a8227bc17"}, "message": "Connection checked in", "serverHost": "mongo", "serverPort": 27017, "driverConnectionId": 1}
[2024-09-03 20:11:29,292] INFO in user_service: Credentials verified for user: jack
[2024-09-03 20:11:29,293] INFO in auth: Credentials verified for user_id: 66d76c4d634cc32a8227bc18. Token generated.
[2024-09-03 20:11:29,295] INFO in _internal: 172.18.0.1 - - [03/Sep/2024 20:11:29] "POST /auth/verify_credentials HTTP/1.1" 200 -
[2024-09-03 20:14:16,913] INFO in auth: Verifying credentials for username: jack
[2024-09-03 20:14:16,914] INFO in user_service: Verifying credentials for username: jack
[2024-09-03 20:14:16,915] DEBUG in logger: {"message": "Server selection started", "selector": "Primary()", "operation": "find", "topologyDescription": "<TopologyDescription id: 66d7671a634cc32a8227bc17, topology_type: Single, servers: [<ServerDescription ('mongo', 27017) server_type: Standalone, rtt: 0.0007856649022091184>]>", "clientId": {"$oid": "66d7671a634cc32a8227bc17"}}
[2024-09-03 20:14:16,916] DEBUG in logger: {"message": "Server selection succeeded", "selector": "Primary()", "operation": "find", "topologyDescription": "<TopologyDescription id: 66d7671a634cc32a8227bc17, topology_type: Single, servers: [<ServerDescription ('mongo', 27017) server_type: Standalone, rtt: 0.0007856649022091184>]>", "clientId": {"$oid": "66d7671a634cc32a8227bc17"}, "serverHost": "mongo", "serverPort": 27017}
[2024-09-03 20:14:16,917] DEBUG in logger: {"clientId": {"$oid": "66d7671a634cc32a8227bc17"}, "message": "Connection checkout started", "serverHost": "mongo", "serverPort": 27017}
[2024-09-03 20:14:16,918] DEBUG in logger: {"clientId": {"$oid": "66d7671a634cc32a8227bc17"}, "message": "Connection checked out", "serverHost": "mongo", "serverPort": 27017, "driverConnectionId": 1, "durationMS": 0.0009038499997586769}
[2024-09-03 20:14:16,919] DEBUG in logger: {"clientId": {"$oid": "66d7671a634cc32a8227bc17"}, "message": "Command started", "command": "{\"find\": \"users\", \"filter\": {\"username\": \"jack\"}, \"limit\": 1, \"singleBatch\": true, \"lsid\": {\"id\": {\"$binary\": {\"base64\": \"NM9H20KiSBWxZsE7UYYMVA==\", \"subType\": \"04\"}}}, \"$db\": \"gourdstocks\"}", "commandName": "find", "databaseName": "gourdstocks", "requestId": 1139901474, "operationId": 1139901474, "driverConnectionId": 1, "serverConnectionId": 7, "serverHost": "mongo", "serverPort": 27017}
[2024-09-03 20:14:16,921] DEBUG in logger: {"clientId": {"$oid": "66d7671a634cc32a8227bc17"}, "message": "Command succeeded", "durationMS": 2.09, "reply": "{\"cursor\": {\"firstBatch\": [{\"_id\": {\"$oid\": \"66d76c4d634cc32a8227bc18\"}, \"username\": \"jack\", \"password\": \"scrypt:32768:8:1$t71DTidBmvr2dv3P$6c5475ae69d1c53e130d08e0009d2ef5b6ef6c2b32519db78c89355579612aad8a4a7e0fbff3debd5675490a4d5b58ed0ae897dc08002d2b729314ed9e1e1988\", \"balance\": 10000}], \"ns\": \"gourdstocks.users\"}, \"ok\": 1.0}", "commandName": "find", "databaseName": "gourdstocks", "requestId": 1139901474, "operationId": 1139901474, "driverConnectionId": 1, "serverConnectionId": 7, "serverHost": "mongo", "serverPort": 27017}
[2024-09-03 20:14:16,923] DEBUG in logger: {"clientId": {"$oid": "66d7671a634cc32a8227bc17"}, "message": "Connection checked in", "serverHost": "mongo", "serverPort": 27017, "driverConnectionId": 1}
[2024-09-03 20:14:17,034] INFO in user_service: Credentials verified for user: jack
[2024-09-03 20:14:17,035] INFO in auth: Credentials verified for user_id: 66d76c4d634cc32a8227bc18. Token generated.
[2024-09-03 20:14:17,037] INFO in _internal: 172.18.0.1 - - [03/Sep/2024 20:14:17] "POST /auth/verify_credentials HTTP/1.1" 200 -
[2024-09-03 20:14:21,694] INFO in auth: Verifying credentials for username: jack
[2024-09-03 20:14:21,695] INFO in user_service: Verifying credentials for username: jack
[2024-09-03 20:14:21,696] DEBUG in logger: {"message": "Server selection started", "selector": "Primary()", "operation": "find", "topologyDescription": "<TopologyDescription id: 66d7671a634cc32a8227bc17, topology_type: Single, servers: [<ServerDescription ('mongo', 27017) server_type: Standalone, rtt: 0.0007856649022091184>]>", "clientId": {"$oid": "66d7671a634cc32a8227bc17"}}
[2024-09-03 20:14:21,697] DEBUG in logger: {"message": "Server selection succeeded", "selector": "Primary()", "operation": "find", "topologyDescription": "<TopologyDescription id: 66d7671a634cc32a8227bc17, topology_type: Single, servers: [<ServerDescription ('mongo', 27017) server_type: Standalone, rtt: 0.0007856649022091184>]>", "clientId": {"$oid": "66d7671a634cc32a8227bc17"}, "serverHost": "mongo", "serverPort": 27017}
[2024-09-03 20:14:21,699] DEBUG in logger: {"clientId": {"$oid": "66d7671a634cc32a8227bc17"}, "message": "Connection checkout started", "serverHost": "mongo", "serverPort": 27017}
[2024-09-03 20:14:21,700] DEBUG in logger: {"clientId": {"$oid": "66d7671a634cc32a8227bc17"}, "message": "Connection checked out", "serverHost": "mongo", "serverPort": 27017, "driverConnectionId": 1, "durationMS": 0.0010394569999334635}
[2024-09-03 20:14:21,701] DEBUG in logger: {"clientId": {"$oid": "66d7671a634cc32a8227bc17"}, "message": "Command started", "command": "{\"find\": \"users\", \"filter\": {\"username\": \"jack\"}, \"limit\": 1, \"singleBatch\": true, \"lsid\": {\"id\": {\"$binary\": {\"base64\": \"NM9H20KiSBWxZsE7UYYMVA==\", \"subType\": \"04\"}}}, \"$db\": \"gourdstocks\"}", "commandName": "find", "databaseName": "gourdstocks", "requestId": 1626276121, "operationId": 1626276121, "driverConnectionId": 1, "serverConnectionId": 7, "serverHost": "mongo", "serverPort": 27017}
[2024-09-03 20:14:21,703] DEBUG in logger: {"clientId": {"$oid": "66d7671a634cc32a8227bc17"}, "message": "Command succeeded", "durationMS": 2.493, "reply": "{\"cursor\": {\"firstBatch\": [{\"_id\": {\"$oid\": \"66d76c4d634cc32a8227bc18\"}, \"username\": \"jack\", \"password\": \"scrypt:32768:8:1$t71DTidBmvr2dv3P$6c5475ae69d1c53e130d08e0009d2ef5b6ef6c2b32519db78c89355579612aad8a4a7e0fbff3debd5675490a4d5b58ed0ae897dc08002d2b729314ed9e1e1988\", \"balance\": 10000}], \"ns\": \"gourdstocks.users\"}, \"ok\": 1.0}", "commandName": "find", "databaseName": "gourdstocks", "requestId": 1626276121, "operationId": 1626276121, "driverConnectionId": 1, "serverConnectionId": 7, "serverHost": "mongo", "serverPort": 27017}
[2024-09-03 20:14:21,705] DEBUG in logger: {"clientId": {"$oid": "66d7671a634cc32a8227bc17"}, "message": "Connection checked in", "serverHost": "mongo", "serverPort": 27017, "driverConnectionId": 1}
[2024-09-03 20:14:21,826] INFO in user_service: Credentials verified for user: jack
[2024-09-03 20:14:21,827] INFO in auth: Credentials verified for user_id: 66d76c4d634cc32a8227bc18. Token generated.
[2024-09-03 20:14:21,829] INFO in _internal: 172.18.0.1 - - [03/Sep/2024 20:14:21] "POST /auth/verify_credentials HTTP/1.1" 200 -
[2024-09-03 20:15:22,454] INFO in auth: Attempting to register new user with username: j
[2024-09-03 20:15:22,549] INFO in user_service: Registering new user: j
[2024-09-03 20:15:22,550] DEBUG in logger: {"message": "Server selection started", "selector": "<function writable_server_selector at 0x7f36c33cd670>", "operation": "insert", "topologyDescription": "<TopologyDescription id: 66d7671a634cc32a8227bc17, topology_type: Single, servers: [<ServerDescription ('mongo', 27017) server_type: Standalone, rtt: 0.0006364777686485651>]>", "clientId": {"$oid": "66d7671a634cc32a8227bc17"}}
[2024-09-03 20:15:22,551] DEBUG in logger: {"message": "Server selection succeeded", "selector": "<function writable_server_selector at 0x7f36c33cd670>", "operation": "insert", "topologyDescription": "<TopologyDescription id: 66d7671a634cc32a8227bc17, topology_type: Single, servers: [<ServerDescription ('mongo', 27017) server_type: Standalone, rtt: 0.0006364777686485651>]>", "clientId": {"$oid": "66d7671a634cc32a8227bc17"}, "serverHost": "mongo", "serverPort": 27017}
[2024-09-03 20:15:22,553] DEBUG in logger: {"clientId": {"$oid": "66d7671a634cc32a8227bc17"}, "message": "Connection checkout started", "serverHost": "mongo", "serverPort": 27017}
[2024-09-03 20:15:22,553] DEBUG in logger: {"clientId": {"$oid": "66d7671a634cc32a8227bc17"}, "message": "Connection checked out", "serverHost": "mongo", "serverPort": 27017, "driverConnectionId": 1, "durationMS": 0.001004346000172518}
[2024-09-03 20:15:22,554] DEBUG in logger: {"clientId": {"$oid": "66d7671a634cc32a8227bc17"}, "message": "Command started", "command": "{\"insert\": \"users\", \"ordered\": true, \"lsid\": {\"id\": {\"$binary\": {\"base64\": \"NM9H20KiSBWxZsE7UYYMVA==\", \"subType\": \"04\"}}}, \"$db\": \"gourdstocks\", \"documents\": [{\"username\": \"j\", \"password\": \"scrypt:32768:8:1$YzWjjHsdk4J5lQe5$d48e5fb8361236d85694241fc27f11c058bd97dd91ec6a8c291cf11f6654906c4eaccbd63aa0a8c504d2c17a0f2f453574e5c7a49b05d2591dfec6382b3395f2\", \"balance\": 10000, \"_id\": {\"$oid\": \"66d76e5a634cc32a8227bc19\"}}]}", "commandName": "insert", "databaseName": "gourdstocks", "requestId": 76065818, "operationId": 76065818, "driverConnectionId": 1, "serverConnectionId": 7, "serverHost": "mongo", "serverPort": 27017}
[2024-09-03 20:15:22,557] DEBUG in logger: {"clientId": {"$oid": "66d7671a634cc32a8227bc17"}, "message": "Command succeeded", "durationMS": 2.404, "reply": "{\"n\": 1, \"ok\": 1.0}", "commandName": "insert", "databaseName": "gourdstocks", "requestId": 76065818, "operationId": 76065818, "driverConnectionId": 1, "serverConnectionId": 7, "serverHost": "mongo", "serverPort": 27017}
[2024-09-03 20:15:22,558] DEBUG in logger: {"clientId": {"$oid": "66d7671a634cc32a8227bc17"}, "message": "Connection checked in", "serverHost": "mongo", "serverPort": 27017, "driverConnectionId": 1}
[2024-09-03 20:15:22,559] INFO in user_service: User j registered successfully
[2024-09-03 20:15:22,560] INFO in auth: User j registered successfully.
[2024-09-03 20:15:22,561] INFO in _internal: 172.18.0.1 - - [03/Sep/2024 20:15:22] "POST /auth/register HTTP/1.1" 200 -
[2024-09-03 20:15:25,262] INFO in auth: Verifying credentials for username: j
[2024-09-03 20:15:25,263] INFO in user_service: Verifying credentials for username: j
[2024-09-03 20:15:25,264] DEBUG in logger: {"message": "Server selection started", "selector": "Primary()", "operation": "find", "topologyDescription": "<TopologyDescription id: 66d7671a634cc32a8227bc17, topology_type: Single, servers: [<ServerDescription ('mongo', 27017) server_type: Standalone, rtt: 0.0006364777686485651>]>", "clientId": {"$oid": "66d7671a634cc32a8227bc17"}}
[2024-09-03 20:15:25,265] DEBUG in logger: {"message": "Server selection succeeded", "selector": "Primary()", "operation": "find", "topologyDescription": "<TopologyDescription id: 66d7671a634cc32a8227bc17, topology_type: Single, servers: [<ServerDescription ('mongo', 27017) server_type: Standalone, rtt: 0.0006364777686485651>]>", "clientId": {"$oid": "66d7671a634cc32a8227bc17"}, "serverHost": "mongo", "serverPort": 27017}
[2024-09-03 20:15:25,267] DEBUG in logger: {"clientId": {"$oid": "66d7671a634cc32a8227bc17"}, "message": "Connection checkout started", "serverHost": "mongo", "serverPort": 27017}
[2024-09-03 20:15:25,267] DEBUG in logger: {"clientId": {"$oid": "66d7671a634cc32a8227bc17"}, "message": "Connection checked out", "serverHost": "mongo", "serverPort": 27017, "driverConnectionId": 1, "durationMS": 0.0008592479998696945}
[2024-09-03 20:15:25,269] DEBUG in logger: {"clientId": {"$oid": "66d7671a634cc32a8227bc17"}, "message": "Command started", "command": "{\"find\": \"users\", \"filter\": {\"username\": \"j\"}, \"limit\": 1, \"singleBatch\": true, \"lsid\": {\"id\": {\"$binary\": {\"base64\": \"NM9H20KiSBWxZsE7UYYMVA==\", \"subType\": \"04\"}}}, \"$db\": \"gourdstocks\"}", "commandName": "find", "databaseName": "gourdstocks", "requestId": 1605894428, "operationId": 1605894428, "driverConnectionId": 1, "serverConnectionId": 7, "serverHost": "mongo", "serverPort": 27017}
[2024-09-03 20:15:25,271] DEBUG in logger: {"clientId": {"$oid": "66d7671a634cc32a8227bc17"}, "message": "Command succeeded", "durationMS": 2.2279999999999998, "reply": "{\"cursor\": {\"firstBatch\": [{\"_id\": {\"$oid\": \"66d76e5a634cc32a8227bc19\"}, \"username\": \"j\", \"password\": \"scrypt:32768:8:1$YzWjjHsdk4J5lQe5$d48e5fb8361236d85694241fc27f11c058bd97dd91ec6a8c291cf11f6654906c4eaccbd63aa0a8c504d2c17a0f2f453574e5c7a49b05d2591dfec6382b3395f2\", \"balance\": 10000}], \"ns\": \"gourdstocks.users\"}, \"ok\": 1.0}", "commandName": "find", "databaseName": "gourdstocks", "requestId": 1605894428, "operationId": 1605894428, "driverConnectionId": 1, "serverConnectionId": 7, "serverHost": "mongo", "serverPort": 27017}
[2024-09-03 20:15:25,272] DEBUG in logger: {"clientId": {"$oid": "66d7671a634cc32a8227bc17"}, "message": "Connection checked in", "serverHost": "mongo", "serverPort": 27017, "driverConnectionId": 1}
[2024-09-03 20:15:25,382] INFO in user_service: Credentials verified for user: j
[2024-09-03 20:15:25,383] INFO in auth: Credentials verified for user_id: 66d76e5a634cc32a8227bc19. Token generated.
[2024-09-03 20:15:25,385] INFO in _internal: 172.18.0.1 - - [03/Sep/2024 20:15:25] "POST /auth/verify_credentials HTTP/1.1" 200 -
